2014/02/17 09:45:36 [error] [exception.CHttpException.202] exception 'CHttpException' with message '会员信息不存在！' in /k/GitHub/CRM/protected/components/Controller.php:384
Stack trace:
#0 /k/GitHub/CRM/protected/components/Controller.php(381): Controller->error(202, '???????????????...')
#1 /k/GitHub/CRM/protected/controllers/SiteController.php(144): Controller->errorE('???????????????...')
#2 /k/GitHub/CRM/protected/controllers/SiteController.php(207): SiteController->inits(false)
#3 [internal function]: SiteController->actionLogin(false)
#4 /f/tGitHub/Yii/framework/web/actions/CAction.php(108): ReflectionMethod->invokeArgs(Object(SiteController), Array)
#5 /f/tGitHub/Yii/framework/web/actions/CInlineAction.php(47): CAction->runWithParamsInternal(Object(SiteController), Object(ReflectionMethod), Array)
#6 /f/tGitHub/Yii/framework/web/CController.php(308): CInlineAction->runWithParams(Array)
#7 /f/tGitHub/Yii/framework/web/filters/CFilterChain.php(133): CController->runAction(Object(CInlineAction))
#8 /f/tGitHub/Yii/framework/web/filters/CFilter.php(40): CFilterChain->run()
#9 /k/GitHub/CRM/protected/modules/rights/components/RController.php(36): CFilter->filter(Object(CFilterChain))
#10 /f/tGitHub/Yii/framework/web/filters/CInlineFilter.php(58): RController->filterRights(Object(CFilterChain))
#11 /f/tGitHub/Yii/framework/web/filters/CFilterChain.php(130): CInlineFilter->filter(Object(CFilterChain))
#12 /f/tGitHub/Yii/framework/web/CController.php(291): CFilterChain->run()
#13 /f/tGitHub/Yii/framework/web/CController.php(265): CController->runActionWithFilters(Object(CInlineAction), Array)
#14 /f/tGitHub/Yii/framework/web/CWebApplication.php(282): CController->run('login')
#15 /f/tGitHub/Yii/framework/web/CWebApplication.php(141): CWebApplication->runController('site/login')
#16 /f/tGitHub/Yii/framework/base/CApplication.php(180): CWebApplication->processRequest()
#17 /k/GitHub/CRM/index.php(15): CApplication->run()
#18 {main}
REQUEST_URI=/GitHub/CRM/site/login
HTTP_REFERER=http://127.0.0.1/GitHub/CRM/AddressBook/admin?AddressBook[groups_id]=48076887782897112&AddressBook[name]=&ajax=list-grid
---
2014/02/17 09:45:37 [error] [exception.CHttpException.404] exception 'CHttpException' with message '系统无法找到请求的 "favicon.ico" 动作.' in /f/tGitHub/Yii/framework/web/CController.php:483
Stack trace:
#0 /f/tGitHub/Yii/framework/web/CController.php(270): CController->missingAction('favicon.ico')
#1 /f/tGitHub/Yii/framework/web/CWebApplication.php(282): CController->run('favicon.ico')
#2 /f/tGitHub/Yii/framework/web/CWebApplication.php(141): CWebApplication->runController('site/favicon.ic...')
#3 /f/tGitHub/Yii/framework/base/CApplication.php(180): CWebApplication->processRequest()
#4 /k/GitHub/CRM/index.php(15): CApplication->run()
#5 {main}
REQUEST_URI=/GitHub/CRM/site/favicon.ico
---
2014/02/17 10:31:28 [error] [exception.CHttpException.404] exception 'CHttpException' with message '所请求的页面不存在。' in /k/GitHub/CRM/protected/components/Controller.php:384
Stack trace:
#0 /k/GitHub/CRM/protected/components/Controller.php(126): Controller->error()
#1 /k/GitHub/CRM/protected/components/Controller.php(321): Controller->loadModel('1')
#2 /k/GitHub/CRM/protected/components/Controller.php(354): Controller->actionSelectById('1')
#3 [internal function]: Controller->actionSelect('1', 10, 'Memeber/select')
#4 /f/tGitHub/Yii/framework/web/actions/CAction.php(108): ReflectionMethod->invokeArgs(Object(MemeberController), Array)
#5 /f/tGitHub/Yii/framework/web/actions/CInlineAction.php(47): CAction->runWithParamsInternal(Object(MemeberController), Object(ReflectionMethod), Array)
#6 /f/tGitHub/Yii/framework/web/CController.php(308): CInlineAction->runWithParams(Array)
#7 /f/tGitHub/Yii/framework/web/filters/CFilterChain.php(133): CController->runAction(Object(CInlineAction))
#8 /f/tGitHub/Yii/framework/web/filters/CFilter.php(40): CFilterChain->run()
#9 /k/GitHub/CRM/protected/modules/rights/components/RController.php(36): CFilter->filter(Object(CFilterChain))
#10 /f/tGitHub/Yii/framework/web/filters/CInlineFilter.php(58): RController->filterRights(Object(CFilterChain))
#11 /f/tGitHub/Yii/framework/web/filters/CFilterChain.php(130): CInlineFilter->filter(Object(CFilterChain))
#12 /f/tGitHub/Yii/framework/web/CController.php(291): CFilterChain->run()
#13 /f/tGitHub/Yii/framework/web/CController.php(265): CController->runActionWithFilters(Object(CInlineAction), Array)
#14 /f/tGitHub/Yii/framework/web/CWebApplication.php(282): CController->run('select')
#15 /f/tGitHub/Yii/framework/web/CWebApplication.php(141): CWebApplication->runController('Memeber/select')
#16 /f/tGitHub/Yii/framework/base/CApplication.php(180): CWebApplication->processRequest()
#17 /k/GitHub/CRM/index.php(15): CApplication->run()
#18 {main}
REQUEST_URI=/GitHub/CRM/Memeber/select?id=1&callback=jQuery18307973204148001969_1392604288510&_=1392604288729
HTTP_REFERER=http://127.0.0.1/GitHub/CRM/manage/admin?Manage[fromid]=1&Manage[user_status]=-1&Manage[branch]=-1&Manage[user_name]=&Manage[user_nicename]=&Manage[last_login_time]=&ajax=list-grid
---
2014/02/17 10:39:50 [error] [exception.CHttpException.404] exception 'CHttpException' with message '系统无法找到请求的 "show" 动作.' in /f/tGitHub/Yii/framework/web/CController.php:483
Stack trace:
#0 /f/tGitHub/Yii/framework/web/CController.php(270): CController->missingAction('show')
#1 /f/tGitHub/Yii/framework/web/CWebApplication.php(282): CController->run('show')
#2 /f/tGitHub/Yii/framework/web/CWebApplication.php(141): CWebApplication->runController('permission/show')
#3 /f/tGitHub/Yii/framework/base/CApplication.php(180): CWebApplication->processRequest()
#4 /k/GitHub/CRM/index.php(15): CApplication->run()
#5 {main}
REQUEST_URI=/GitHub/CRM/permission/show/53763899612601129?child=UQ5VYFVsDCVQfAokDjJWK1gt
HTTP_REFERER=http://127.0.0.1/GitHub/CRM/permission/53763899612601129
---
2014/02/17 10:39:55 [error] [exception.CHttpException.404] exception 'CHttpException' with message '系统无法找到请求的 "show" 动作.' in /f/tGitHub/Yii/framework/web/CController.php:483
Stack trace:
#0 /f/tGitHub/Yii/framework/web/CController.php(270): CController->missingAction('show')
#1 /f/tGitHub/Yii/framework/web/CWebApplication.php(282): CController->run('show')
#2 /f/tGitHub/Yii/framework/web/CWebApplication.php(141): CWebApplication->runController('permission/show')
#3 /f/tGitHub/Yii/framework/base/CApplication.php(180): CWebApplication->processRequest()
#4 /k/GitHub/CRM/index.php(15): CApplication->run()
#5 {main}
REQUEST_URI=/GitHub/CRM/permission/show/53763899612601129?child=AUkIMAM4ATkFPl13XGAPMAw2UXhaeQ%253D%253D
HTTP_REFERER=http://127.0.0.1/GitHub/CRM/permission/53763899612601129
---
2014/02/17 10:40:05 [error] [exception.CHttpException.404] exception 'CHttpException' with message '系统无法找到请求的 "show" 动作.' in /f/tGitHub/Yii/framework/web/CController.php:483
Stack trace:
#0 /f/tGitHub/Yii/framework/web/CController.php(270): CController->missingAction('show')
#1 /f/tGitHub/Yii/framework/web/CWebApplication.php(282): CController->run('show')
#2 /f/tGitHub/Yii/framework/web/CWebApplication.php(141): CWebApplication->runController('permission/show')
#3 /f/tGitHub/Yii/framework/base/CApplication.php(180): CWebApplication->processRequest()
#4 /k/GitHub/CRM/index.php(15): CApplication->run()
#5 {main}
REQUEST_URI=/GitHub/CRM/permission/show/53763899612601129?child=AUMIMgElXmoHJg80D3gAeQ%253D%253D
HTTP_REFERER=http://127.0.0.1/GitHub/CRM/permission/53763899612601129
---
2014/02/17 10:40:13 [error] [exception.CHttpException.404] exception 'CHttpException' with message '系统无法找到请求的 "show" 动作.' in /f/tGitHub/Yii/framework/web/CController.php:483
Stack trace:
#0 /f/tGitHub/Yii/framework/web/CController.php(270): CController->missingAction('show')
#1 /f/tGitHub/Yii/framework/web/CWebApplication.php(282): CController->run('show')
#2 /f/tGitHub/Yii/framework/web/CWebApplication.php(141): CWebApplication->runController('permission/show')
#3 /f/tGitHub/Yii/framework/base/CApplication.php(180): CWebApplication->processRequest()
#4 /k/GitHub/CRM/index.php(15): CApplication->run()
#5 {main}
REQUEST_URI=/GitHub/CRM/permission/show/53763899612601129?child=VR9TYwA2W3RebgwhDyUAMQAwB28IagcoBSs%253D
HTTP_REFERER=http://127.0.0.1/GitHub/CRM/permission/53763899612601129
---
2014/02/17 10:44:15 [error] [exception.CHttpException.404] exception 'CHttpException' with message '系统无法找到请求的 "show" 动作.' in /f/tGitHub/Yii/framework/web/CController.php:483
Stack trace:
#0 /f/tGitHub/Yii/framework/web/CController.php(270): CController->missingAction('show')
#1 /f/tGitHub/Yii/framework/web/CWebApplication.php(282): CController->run('show')
#2 /f/tGitHub/Yii/framework/web/CWebApplication.php(141): CWebApplication->runController('permission/show')
#3 /f/tGitHub/Yii/framework/base/CApplication.php(180): CWebApplication->processRequest()
#4 /k/GitHub/CRM/index.php(15): CApplication->run()
#5 {main}
REQUEST_URI=/GitHub/CRM/permission/show/53763899612601129?child=UQ5VYFVsDCVQfAokDjJWK1gt
HTTP_REFERER=http://127.0.0.1/GitHub/CRM/permission/53763899612601129
---
2014/02/17 10:44:20 [error] [exception.CHttpException.404] exception 'CHttpException' with message '系统无法找到请求的 "show" 动作.' in /f/tGitHub/Yii/framework/web/CController.php:483
Stack trace:
#0 /f/tGitHub/Yii/framework/web/CController.php(270): CController->missingAction('show')
#1 /f/tGitHub/Yii/framework/web/CWebApplication.php(282): CController->run('show')
#2 /f/tGitHub/Yii/framework/web/CWebApplication.php(141): CWebApplication->runController('permission/show')
#3 /f/tGitHub/Yii/framework/base/CApplication.php(180): CWebApplication->processRequest()
#4 /k/GitHub/CRM/index.php(15): CApplication->run()
#5 {main}
REQUEST_URI=/GitHub/CRM/permission/show/53763899612601129?child=BVpVYFduWXAEKAknDTFWKw14
HTTP_REFERER=http://127.0.0.1/GitHub/CRM/permission/53763899612601129
---
2014/02/17 10:46:21 [error] [exception.CHttpException.404] exception 'CHttpException' with message '系统无法找到请求的 "show" 动作.' in /f/tGitHub/Yii/framework/web/CController.php:483
Stack trace:
#0 /f/tGitHub/Yii/framework/web/CController.php(270): CController->missingAction('show')
#1 /f/tGitHub/Yii/framework/web/CWebApplication.php(282): CController->run('show')
#2 /f/tGitHub/Yii/framework/web/CWebApplication.php(141): CWebApplication->runController('permission/show')
#3 /f/tGitHub/Yii/framework/base/CApplication.php(180): CWebApplication->processRequest()
#4 /k/GitHub/CRM/index.php(15): CApplication->run()
#5 {main}
REQUEST_URI=/GitHub/CRM/permission/show/53763899612601129?child=ClJTcw4zXWNVaw4jAXYGfw%253D%253D
HTTP_REFERER=http://127.0.0.1/GitHub/CRM/permission/53763899612601129
---
2014/02/17 10:46:25 [error] [exception.CHttpException.404] exception 'CHttpException' with message '系统无法找到请求的 "show" 动作.' in /f/tGitHub/Yii/framework/web/CController.php:483
Stack trace:
#0 /f/tGitHub/Yii/framework/web/CController.php(270): CController->missingAction('show')
#1 /f/tGitHub/Yii/framework/web/CWebApplication.php(282): CController->run('show')
#2 /f/tGitHub/Yii/framework/web/CWebApplication.php(141): CWebApplication->runController('permission/show')
#3 /f/tGitHub/Yii/framework/base/CApplication.php(180): CWebApplication->processRequest()
#4 /k/GitHub/CRM/index.php(15): CApplication->run()
#5 {main}
REQUEST_URI=/GitHub/CRM/permission/show/53763899612601129?child=BU8BMVRiAS5fbw8iXnRTYg8%252FWTELaQMsBig%253D
HTTP_REFERER=http://127.0.0.1/GitHub/CRM/permission/53763899612601129
---
2014/02/17 10:46:27 [error] [exception.CHttpException.404] exception 'CHttpException' with message '系统无法找到请求的 "show" 动作.' in /f/tGitHub/Yii/framework/web/CController.php:483
Stack trace:
#0 /f/tGitHub/Yii/framework/web/CController.php(270): CController->missingAction('show')
#1 /f/tGitHub/Yii/framework/web/CWebApplication.php(282): CController->run('show')
#2 /f/tGitHub/Yii/framework/web/CWebApplication.php(141): CWebApplication->runController('permission/show')
#3 /f/tGitHub/Yii/framework/base/CApplication.php(180): CWebApplication->processRequest()
#4 /k/GitHub/CRM/index.php(15): CApplication->run()
#5 {main}
REQUEST_URI=/GitHub/CRM/permission/show/53763899612601129?child=C0FUZAI0AC9ebll0AStTZw4jBGxfI1MiUSZZdVZ%252F
HTTP_REFERER=http://127.0.0.1/GitHub/CRM/permission/53763899612601129
---
2014/02/17 10:47:54 [error] [exception.CHttpException.404] exception 'CHttpException' with message '系统无法找到请求的 "show" 动作.' in /f/tGitHub/Yii/framework/web/CController.php:483
Stack trace:
#0 /f/tGitHub/Yii/framework/web/CController.php(270): CController->missingAction('show')
#1 /f/tGitHub/Yii/framework/web/CWebApplication.php(282): CController->run('show')
#2 /f/tGitHub/Yii/framework/web/CWebApplication.php(141): CWebApplication->runController('permission/show')
#3 /f/tGitHub/Yii/framework/base/CApplication.php(180): CWebApplication->processRequest()
#4 /k/GitHub/CRM/index.php(15): CApplication->run()
#5 {main}
REQUEST_URI=/GitHub/CRM/permission/show/53763899612601129?child=A1xSZwc%252BW3JfcwEvDTFVKA57
HTTP_REFERER=http://127.0.0.1/GitHub/CRM/permission/53763899612601129
---
2014/02/17 10:49:36 [error] [exception.CHttpException.404] exception 'CHttpException' with message '系统无法找到请求的 "show" 动作.' in /f/tGitHub/Yii/framework/web/CController.php:483
Stack trace:
#0 /f/tGitHub/Yii/framework/web/CController.php(270): CController->missingAction('show')
#1 /f/tGitHub/Yii/framework/web/CWebApplication.php(282): CController->run('show')
#2 /f/tGitHub/Yii/framework/web/CWebApplication.php(141): CWebApplication->runController('permission/show')
#3 /f/tGitHub/Yii/framework/base/CApplication.php(180): CWebApplication->processRequest()
#4 /k/GitHub/CRM/index.php(15): CApplication->run()
#5 {main}
REQUEST_URI=/GitHub/CRM/permission/show/53763899612601129?child=AUlTawU%252BDDReZV13XmIDPAw2AisKKQ%253D%253D
HTTP_REFERER=http://127.0.0.1/GitHub/CRM/permission/53763899612601129
---
2014/02/17 10:49:40 [error] [exception.CHttpException.404] exception 'CHttpException' with message '系统无法找到请求的 "show" 动作.' in /f/tGitHub/Yii/framework/web/CController.php:483
Stack trace:
#0 /f/tGitHub/Yii/framework/web/CController.php(270): CController->missingAction('show')
#1 /f/tGitHub/Yii/framework/web/CWebApplication.php(282): CController->run('show')
#2 /f/tGitHub/Yii/framework/web/CWebApplication.php(141): CWebApplication->runController('permission/show')
#3 /f/tGitHub/Yii/framework/base/CApplication.php(180): CWebApplication->processRequest()
#4 /k/GitHub/CRM/index.php(15): CApplication->run()
#5 {main}
REQUEST_URI=/GitHub/CRM/permission/show/53763899612601129?child=UBhVbgc7CiNRZV5jCidRcg8AVyIAegZoBW9YdA0k
HTTP_REFERER=http://127.0.0.1/GitHub/CRM/permission/53763899612601129
---
2014/02/17 10:49:44 [error] [exception.CHttpException.404] exception 'CHttpException' with message '系统无法找到请求的 "show" 动作.' in /f/tGitHub/Yii/framework/web/CController.php:483
Stack trace:
#0 /f/tGitHub/Yii/framework/web/CController.php(270): CController->missingAction('show')
#1 /f/tGitHub/Yii/framework/web/CWebApplication.php(282): CController->run('show')
#2 /f/tGitHub/Yii/framework/web/CWebApplication.php(141): CWebApplication->runController('permission/show')
#3 /f/tGitHub/Yii/framework/base/CApplication.php(180): CWebApplication->processRequest()
#4 /k/GitHub/CRM/index.php(15): CApplication->run()
#5 {main}
REQUEST_URI=/GitHub/CRM/permission/show/53763899612601129?child=BFxXd1dqCjQEOl5zD3gCew%253D%253D
HTTP_REFERER=http://127.0.0.1/GitHub/CRM/permission/53763899612601129
---
2014/02/17 10:49:54 [error] [exception.CHttpException.404] exception 'CHttpException' with message '系统无法找到请求的 "show" 动作.' in /f/tGitHub/Yii/framework/web/CController.php:483
Stack trace:
#0 /f/tGitHub/Yii/framework/web/CController.php(270): CController->missingAction('show')
#1 /f/tGitHub/Yii/framework/web/CWebApplication.php(282): CController->run('show')
#2 /f/tGitHub/Yii/framework/web/CWebApplication.php(141): CWebApplication->runController('permission/show')
#3 /f/tGitHub/Yii/framework/base/CApplication.php(180): CWebApplication->processRequest()
#4 /k/GitHub/CRM/index.php(15): CApplication->run()
#5 {main}
REQUEST_URI=/GitHub/CRM/permission/show/53763899612601129?child=Ug1TZgQ9W3JSfg4gWmYDflwp
HTTP_REFERER=http://127.0.0.1/GitHub/CRM/permission/53763899612601129
---
2014/02/17 10:49:57 [error] [exception.CHttpException.404] exception 'CHttpException' with message '系统无法找到请求的 "show" 动作.' in /f/tGitHub/Yii/framework/web/CController.php:483
Stack trace:
#0 /f/tGitHub/Yii/framework/web/CController.php(270): CController->missingAction('show')
#1 /f/tGitHub/Yii/framework/web/CWebApplication.php(282): CController->run('show')
#2 /f/tGitHub/Yii/framework/web/CWebApplication.php(141): CWebApplication->runController('permission/show')
#3 /f/tGitHub/Yii/framework/base/CApplication.php(180): CWebApplication->processRequest()
#4 /k/GitHub/CRM/index.php(15): CApplication->run()
#5 {main}
REQUEST_URI=/GitHub/CRM/permission/show/53763899612601129?child=BFxXd1dqCjQEOl5zD3gCew%253D%253D
HTTP_REFERER=http://127.0.0.1/GitHub/CRM/permission/53763899612601129
---
2014/02/17 10:50:00 [error] [exception.CHttpException.404] exception 'CHttpException' with message '系统无法找到请求的 "show" 动作.' in /f/tGitHub/Yii/framework/web/CController.php:483
Stack trace:
#0 /f/tGitHub/Yii/framework/web/CController.php(270): CController->missingAction('show')
#1 /f/tGitHub/Yii/framework/web/CWebApplication.php(282): CController->run('show')
#2 /f/tGitHub/Yii/framework/web/CWebApplication.php(141): CWebApplication->runController('permission/show')
#3 /f/tGitHub/Yii/framework/base/CApplication.php(180): CWebApplication->processRequest()
#4 /k/GitHub/CRM/index.php(15): CApplication->run()
#5 {main}
REQUEST_URI=/GitHub/CRM/permission/show/53763899612601129?child=VR9SYgM1WnUENF1wWnAENV9vUjpYOgwjByk%253D
HTTP_REFERER=http://127.0.0.1/GitHub/CRM/permission/53763899612601129
---
2014/02/17 10:50:11 [error] [exception.CHttpException.404] exception 'CHttpException' with message '系统无法找到请求的 "show" 动作.' in /f/tGitHub/Yii/framework/web/CController.php:483
Stack trace:
#0 /f/tGitHub/Yii/framework/web/CController.php(270): CController->missingAction('show')
#1 /f/tGitHub/Yii/framework/web/CWebApplication.php(282): CController->run('show')
#2 /f/tGitHub/Yii/framework/web/CWebApplication.php(141): CWebApplication->runController('permission/show')
#3 /f/tGitHub/Yii/framework/base/CApplication.php(180): CWebApplication->processRequest()
#4 /k/GitHub/CRM/index.php(15): CApplication->run()
#5 {main}
REQUEST_URI=/GitHub/CRM/permission/show/53763899612601129?child=A1sGJgA9DjBUall0Wi1RKA%253D%253D
HTTP_REFERER=http://127.0.0.1/GitHub/CRM/permission/53763899612601129
---
2014/02/17 10:50:42 [error] [exception.CHttpException.404] exception 'CHttpException' with message '系统无法找到请求的 "show" 动作.' in /f/tGitHub/Yii/framework/web/CController.php:483
Stack trace:
#0 /f/tGitHub/Yii/framework/web/CController.php(270): CController->missingAction('show')
#1 /f/tGitHub/Yii/framework/web/CWebApplication.php(282): CController->run('show')
#2 /f/tGitHub/Yii/framework/web/CWebApplication.php(141): CWebApplication->runController('permission/show')
#3 /f/tGitHub/Yii/framework/base/CApplication.php(180): CWebApplication->processRequest()
#4 /k/GitHub/CRM/index.php(15): CApplication->run()
#5 {main}
REQUEST_URI=/GitHub/CRM/permission/show/53763899612601129?child=ClIGJlBtDjBfYQ4jAXYOdw%253D%253D
HTTP_REFERER=http://127.0.0.1/GitHub/CRM/permission/53763899612601129
---
2014/02/17 10:51:18 [error] [exception.CHttpException.404] exception 'CHttpException' with message '系统无法找到请求的 "show" 动作.' in /f/tGitHub/Yii/framework/web/CController.php:483
Stack trace:
#0 /f/tGitHub/Yii/framework/web/CController.php(270): CController->missingAction('show')
#1 /f/tGitHub/Yii/framework/web/CWebApplication.php(282): CController->run('show')
#2 /f/tGitHub/Yii/framework/web/CWebApplication.php(141): CWebApplication->runController('permission/show')
#3 /f/tGitHub/Yii/framework/base/CApplication.php(180): CWebApplication->processRequest()
#4 /k/GitHub/CRM/index.php(15): CApplication->run()
#5 {main}
REQUEST_URI=/GitHub/CRM/permission/show/53763899612601129?child=URlVbVRvCzMFPgogDzMPMF9lVXwMLw%253D%253D
HTTP_REFERER=http://127.0.0.1/GitHub/CRM/permission/53763899612601129
---
2014/02/17 10:51:29 [error] [exception.CHttpException.404] exception 'CHttpException' with message '系统无法找到请求的 "show" 动作.' in /f/tGitHub/Yii/framework/web/CController.php:483
Stack trace:
#0 /f/tGitHub/Yii/framework/web/CController.php(270): CController->missingAction('show')
#1 /f/tGitHub/Yii/framework/web/CWebApplication.php(282): CController->run('show')
#2 /f/tGitHub/Yii/framework/web/CWebApplication.php(141): CWebApplication->runController('permission/show')
#3 /f/tGitHub/Yii/framework/base/CApplication.php(180): CWebApplication->processRequest()
#4 /k/GitHub/CRM/index.php(15): CApplication->run()
#5 {main}
REQUEST_URI=/GitHub/CRM/permission/show/53763899612601129?child=CkJVblVpWnNeagA9XXAHJAgHUicOdANtA2lYdAEo
HTTP_REFERER=http://127.0.0.1/GitHub/CRM/permission/53763899612601129
---
2014/02/17 10:51:46 [error] [exception.CHttpException.404] exception 'CHttpException' with message '系统无法找到请求的 "show" 动作.' in /f/tGitHub/Yii/framework/web/CController.php:483
Stack trace:
#0 /f/tGitHub/Yii/framework/web/CController.php(270): CController->missingAction('show')
#1 /f/tGitHub/Yii/framework/web/CWebApplication.php(282): CController->run('show')
#2 /f/tGitHub/Yii/framework/web/CWebApplication.php(141): CWebApplication->runController('permission/show')
#3 /f/tGitHub/Yii/framework/base/CApplication.php(180): CWebApplication->processRequest()
#4 /k/GitHub/CRM/index.php(15): CApplication->run()
#5 {main}
REQUEST_URI=/GitHub/CRM/permission/show/53763899612601129?child=AEhXbAU5ACkANFxhDiNVdltUA3YAelA%252BAGpVeQcu
HTTP_REFERER=http://127.0.0.1/GitHub/CRM/permission/53763899612601129
---
2014/02/17 10:52:04 [error] [exception.CHttpException.404] exception 'CHttpException' with message '系统无法找到请求的 "show" 动作.' in /f/tGitHub/Yii/framework/web/CController.php:483
Stack trace:
#0 /f/tGitHub/Yii/framework/web/CController.php(270): CController->missingAction('show')
#1 /f/tGitHub/Yii/framework/web/CWebApplication.php(282): CController->run('show')
#2 /f/tGitHub/Yii/framework/web/CWebApplication.php(141): CWebApplication->runController('permission/show')
#3 /f/tGitHub/Yii/framework/base/CApplication.php(180): CWebApplication->processRequest()
#4 /k/GitHub/CRM/index.php(15): CApplication->run()
#5 {main}
REQUEST_URI=/GitHub/CRM/permission/show/53763899612601129?child=Bk4HPAM%252FWnNSZlpnWncDIFpVWSwIcgZoVD4ALAMq
HTTP_REFERER=http://127.0.0.1/GitHub/CRM/permission/53763899612601129
---
2014/02/17 10:52:17 [error] [exception.CHttpException.404] exception 'CHttpException' with message '系统无法找到请求的 "show" 动作.' in /f/tGitHub/Yii/framework/web/CController.php:483
Stack trace:
#0 /f/tGitHub/Yii/framework/web/CController.php(270): CController->missingAction('show')
#1 /f/tGitHub/Yii/framework/web/CWebApplication.php(282): CController->run('show')
#2 /f/tGitHub/Yii/framework/web/CWebApplication.php(141): CWebApplication->runController('permission/show')
#3 /f/tGitHub/Yii/framework/base/CApplication.php(180): CWebApplication->processRequest()
#4 /k/GitHub/CRM/index.php(15): CApplication->run()
#5 {main}
REQUEST_URI=/GitHub/CRM/permission/show/53763899612601129?child=C0NTaAU5WnMANF5jDyIEJwEOVSBaIFM9VjwALA0k
HTTP_REFERER=http://127.0.0.1/GitHub/CRM/permission/53763899612601129
---
2014/02/17 10:52:27 [error] [exception.CHttpException.404] exception 'CHttpException' with message '系统无法找到请求的 "show" 动作.' in /f/tGitHub/Yii/framework/web/CController.php:483
Stack trace:
#0 /f/tGitHub/Yii/framework/web/CController.php(270): CController->missingAction('show')
#1 /f/tGitHub/Yii/framework/web/CWebApplication.php(282): CController->run('show')
#2 /f/tGitHub/Yii/framework/web/CWebApplication.php(141): CWebApplication->runController('permission/show')
#3 /f/tGitHub/Yii/framework/base/CApplication.php(180): CWebApplication->processRequest()
#4 /k/GitHub/CRM/index.php(15): CApplication->run()
#5 {main}
REQUEST_URI=/GitHub/CRM/permission/show/53763899612601129?child=UQ5QZVJrXncEKFp0WmZRLA14
HTTP_REFERER=http://127.0.0.1/GitHub/CRM/permission/53763899612601129
---
2014/02/17 10:52:33 [error] [exception.CHttpException.404] exception 'CHttpException' with message '系统无法找到请求的 "show" 动作.' in /f/tGitHub/Yii/framework/web/CController.php:483
Stack trace:
#0 /f/tGitHub/Yii/framework/web/CController.php(270): CController->missingAction('show')
#1 /f/tGitHub/Yii/framework/web/CWebApplication.php(282): CController->run('show')
#2 /f/tGitHub/Yii/framework/web/CWebApplication.php(141): CWebApplication->runController('permission/show')
#3 /f/tGitHub/Yii/framework/base/CApplication.php(180): CWebApplication->processRequest()
#4 /k/GitHub/CRM/index.php(15): CApplication->run()
#5 {main}
REQUEST_URI=/GitHub/CRM/permission/show/53763899612601129?child=UhoDOFRoCSBUYAk0DyIAIw8ABHEAelM9DmQEKAUs
HTTP_REFERER=http://127.0.0.1/GitHub/CRM/permission/53763899612601129
---
2014/02/17 10:52:36 [error] [exception.CHttpException.404] exception 'CHttpException' with message '系统无法找到请求的 "show" 动作.' in /f/tGitHub/Yii/framework/web/CController.php:483
Stack trace:
#0 /f/tGitHub/Yii/framework/web/CController.php(270): CController->missingAction('show')
#1 /f/tGitHub/Yii/framework/web/CWebApplication.php(282): CController->run('show')
#2 /f/tGitHub/Yii/framework/web/CWebApplication.php(141): CWebApplication->runController('permission/show')
#3 /f/tGitHub/Yii/framework/base/CApplication.php(180): CWebApplication->processRequest()
#4 /k/GitHub/CRM/index.php(15): CApplication->run()
#5 {main}
REQUEST_URI=/GitHub/CRM/permission/show/53763899612601129?child=Vg5Xd1BtWmQHOV5zXCsGfw%253D%253D
HTTP_REFERER=http://127.0.0.1/GitHub/CRM/permission/53763899612601129
---
2014/02/17 10:52:38 [error] [exception.CHttpException.404] exception 'CHttpException' with message '系统无法找到请求的 "show" 动作.' in /f/tGitHub/Yii/framework/web/CController.php:483
Stack trace:
#0 /f/tGitHub/Yii/framework/web/CController.php(270): CController->missingAction('show')
#1 /f/tGitHub/Yii/framework/web/CWebApplication.php(282): CController->run('show')
#2 /f/tGitHub/Yii/framework/web/CWebApplication.php(141): CWebApplication->runController('permission/show')
#3 /f/tGitHub/Yii/framework/base/CApplication.php(180): CWebApplication->processRequest()
#4 /k/GitHub/CRM/index.php(15): CApplication->run()
#5 {main}
REQUEST_URI=/GitHub/CRM/permission/show/53763899612601129?child=BU9QYAYwDyBUZAwhXnQGN11tUjpcPg0iByk%253D
HTTP_REFERER=http://127.0.0.1/GitHub/CRM/permission/53763899612601129
---
2014/02/17 10:52:56 [error] [exception.CHttpException.404] exception 'CHttpException' with message '系统无法找到请求的 "show" 动作.' in /f/tGitHub/Yii/framework/web/CController.php:483
Stack trace:
#0 /f/tGitHub/Yii/framework/web/CController.php(270): CController->missingAction('show')
#1 /f/tGitHub/Yii/framework/web/CWebApplication.php(282): CController->run('show')
#2 /f/tGitHub/Yii/framework/web/CWebApplication.php(141): CWebApplication->runController('permission/show')
#3 /f/tGitHub/Yii/framework/base/CApplication.php(180): CWebApplication->processRequest()
#4 /k/GitHub/CRM/index.php(15): CApplication->run()
#5 {main}
REQUEST_URI=/GitHub/CRM/permission/show/53763899612601129?child=VRcCOAImCT1efw02WywDeg%253D%253D
HTTP_REFERER=http://127.0.0.1/GitHub/CRM/permission/53763899612601129
---
2014/02/17 14:04:51 [error] [exception.CHttpException.202] exception 'CHttpException' with message '会员信息不存在！' in /k/GitHub/CRM/protected/components/Controller.php:384
Stack trace:
#0 /k/GitHub/CRM/protected/components/Controller.php(381): Controller->error(202, '???????????????...')
#1 /k/GitHub/CRM/protected/controllers/SiteController.php(144): Controller->errorE('???????????????...')
#2 /k/GitHub/CRM/protected/controllers/SiteController.php(207): SiteController->inits(false)
#3 [internal function]: SiteController->actionLogin(false)
#4 /f/tGitHub/Yii/framework/web/actions/CAction.php(108): ReflectionMethod->invokeArgs(Object(SiteController), Array)
#5 /f/tGitHub/Yii/framework/web/actions/CInlineAction.php(47): CAction->runWithParamsInternal(Object(SiteController), Object(ReflectionMethod), Array)
#6 /f/tGitHub/Yii/framework/web/CController.php(308): CInlineAction->runWithParams(Array)
#7 /f/tGitHub/Yii/framework/web/filters/CFilterChain.php(133): CController->runAction(Object(CInlineAction))
#8 /f/tGitHub/Yii/framework/web/filters/CFilter.php(40): CFilterChain->run()
#9 /k/GitHub/CRM/protected/modules/rights/components/RController.php(36): CFilter->filter(Object(CFilterChain))
#10 /f/tGitHub/Yii/framework/web/filters/CInlineFilter.php(58): RController->filterRights(Object(CFilterChain))
#11 /f/tGitHub/Yii/framework/web/filters/CFilterChain.php(130): CInlineFilter->filter(Object(CFilterChain))
#12 /f/tGitHub/Yii/framework/web/CController.php(291): CFilterChain->run()
#13 /f/tGitHub/Yii/framework/web/CController.php(265): CController->runActionWithFilters(Object(CInlineAction), Array)
#14 /f/tGitHub/Yii/framework/web/CWebApplication.php(282): CController->run('login')
#15 /f/tGitHub/Yii/framework/web/CWebApplication.php(141): CWebApplication->runController('site/login')
#16 /f/tGitHub/Yii/framework/base/CApplication.php(180): CWebApplication->processRequest()
#17 /k/GitHub/CRM/index.php(15): CApplication->run()
#18 {main}
REQUEST_URI=/GitHub/CRM/site/login
HTTP_REFERER=http://127.0.0.1/GitHub/CRM/permission/53763899612601129
---
2014/02/17 14:04:52 [error] [exception.CHttpException.404] exception 'CHttpException' with message '系统无法找到请求的 "favicon.ico" 动作.' in /f/tGitHub/Yii/framework/web/CController.php:483
Stack trace:
#0 /f/tGitHub/Yii/framework/web/CController.php(270): CController->missingAction('favicon.ico')
#1 /f/tGitHub/Yii/framework/web/CWebApplication.php(282): CController->run('favicon.ico')
#2 /f/tGitHub/Yii/framework/web/CWebApplication.php(141): CWebApplication->runController('site/favicon.ic...')
#3 /f/tGitHub/Yii/framework/base/CApplication.php(180): CWebApplication->processRequest()
#4 /k/GitHub/CRM/index.php(15): CApplication->run()
#5 {main}
REQUEST_URI=/GitHub/CRM/site/favicon.ico
---
2014/02/17 14:56:32 [error] [exception.CHttpException.202] exception 'CHttpException' with message '会员信息不存在！' in /k/GitHub/CRM/protected/components/Controller.php:384
Stack trace:
#0 /k/GitHub/CRM/protected/components/Controller.php(381): Controller->error(202, '???????????????...')
#1 /k/GitHub/CRM/protected/controllers/SiteController.php(144): Controller->errorE('???????????????...')
#2 /k/GitHub/CRM/protected/controllers/SiteController.php(207): SiteController->inits(false)
#3 [internal function]: SiteController->actionLogin(false)
#4 /f/tGitHub/Yii/framework/web/actions/CAction.php(108): ReflectionMethod->invokeArgs(Object(SiteController), Array)
#5 /f/tGitHub/Yii/framework/web/actions/CInlineAction.php(47): CAction->runWithParamsInternal(Object(SiteController), Object(ReflectionMethod), Array)
#6 /f/tGitHub/Yii/framework/web/CController.php(308): CInlineAction->runWithParams(Array)
#7 /f/tGitHub/Yii/framework/web/filters/CFilterChain.php(133): CController->runAction(Object(CInlineAction))
#8 /f/tGitHub/Yii/framework/web/filters/CFilter.php(40): CFilterChain->run()
#9 /k/GitHub/CRM/protected/modules/rights/components/RController.php(36): CFilter->filter(Object(CFilterChain))
#10 /f/tGitHub/Yii/framework/web/filters/CInlineFilter.php(58): RController->filterRights(Object(CFilterChain))
#11 /f/tGitHub/Yii/framework/web/filters/CFilterChain.php(130): CInlineFilter->filter(Object(CFilterChain))
#12 /f/tGitHub/Yii/framework/web/CController.php(291): CFilterChain->run()
#13 /f/tGitHub/Yii/framework/web/CController.php(265): CController->runActionWithFilters(Object(CInlineAction), Array)
#14 /f/tGitHub/Yii/framework/web/CWebApplication.php(282): CController->run('login')
#15 /f/tGitHub/Yii/framework/web/CWebApplication.php(141): CWebApplication->runController('site/login')
#16 /f/tGitHub/Yii/framework/base/CApplication.php(180): CWebApplication->processRequest()
#17 /k/GitHub/CRM/index.php(15): CApplication->run()
#18 {main}
REQUEST_URI=/GitHub/CRM/site/login
HTTP_REFERER=http://127.0.0.1/GitHub/CRM/permission/53763899612601129
---
